<?xml version="1.0" encoding="UTF-8"?>
<!-- Generated by org.testng.reporters.JUnitXMLReporter -->
<testsuite hostname="zhangzhixiongdeiMac.local" name="config.DongDongkeyword" tests="9" failures="0" timestamp="24 Jun 2016 09:21:13 GMT" time="1.14" errors="0">
  <testcase name="@BeforeClass setup" time="0.0" classname="config.DongDongkeyword">
    <failure type="org.openqa.selenium.SessionNotCreatedException" message="A new session could not be created. (Original error: ENOENT, stat &amp;apos;/Applications/Appium.app/Contents/Resources/node_modules/appium/build/SafariLauncher/SafariLauncher.zip&amp;apos;) (WARNING: The server did not provide any stacktrace information)
Command duration or timeout: 152 milliseconds
Build info: version: &amp;apos;2.46.0&amp;apos;, revision: &amp;apos;87c69e2&amp;apos;, time: &amp;apos;2015-06-04 16:17:10&amp;apos;
System info: host: &amp;apos;zhangzhixiongdeiMac.local&amp;apos;, ip: &amp;apos;192.168.31.237&amp;apos;, os.name: &amp;apos;Mac OS X&amp;apos;, os.arch: &amp;apos;x86_64&amp;apos;, os.version: &amp;apos;10.11&amp;apos;, java.version: &amp;apos;1.8.0_91&amp;apos;
Driver info: io.appium.java_client.ios.IOSDriver">
      <![CDATA[org.openqa.selenium.SessionNotCreatedException: A new session could not be created. (Original error: ENOENT, stat '/Applications/Appium.app/Contents/Resources/node_modules/appium/build/SafariLauncher/SafariLauncher.zip') (WARNING: The server did not provide any stacktrace information)
Command duration or timeout: 152 milliseconds
Build info: version: '2.46.0', revision: '87c69e2', time: '2015-06-04 16:17:10'
System info: host: 'zhangzhixiongdeiMac.local', ip: '192.168.31.237', os.name: 'Mac OS X', os.arch: 'x86_64', os.version: '10.11', java.version: '1.8.0_91'
Driver info: io.appium.java_client.ios.IOSDriver
	at org.openqa.selenium.remote.ErrorHandler.createThrowable(ErrorHandler.java:204)
	at org.openqa.selenium.remote.ErrorHandler.throwIfResponseFailed(ErrorHandler.java:156)
	at org.openqa.selenium.remote.RemoteWebDriver.execute(RemoteWebDriver.java:605)
	at io.appium.java_client.DefaultGenericMobileDriver.execute(DefaultGenericMobileDriver.java:27)
	at io.appium.java_client.AppiumDriver.execute(AppiumDriver.java:1)
	at io.appium.java_client.ios.IOSDriver.execute(IOSDriver.java:1)
	at org.openqa.selenium.remote.RemoteWebDriver.startSession(RemoteWebDriver.java:242)
	at org.openqa.selenium.remote.RemoteWebDriver.<init>(RemoteWebDriver.java:128)
	at org.openqa.selenium.remote.RemoteWebDriver.<init>(RemoteWebDriver.java:155)
	at io.appium.java_client.DefaultGenericMobileDriver.<init>(DefaultGenericMobileDriver.java:22)
	at io.appium.java_client.AppiumDriver.<init>(AppiumDriver.java:202)
	at io.appium.java_client.ios.IOSDriver.<init>(IOSDriver.java:37)
	at config.DongDongkeyword.setup(DongDongkeyword.java:73)
... Removed 28 stack frames]]>
    </failure>
  </testcase> <!-- @BeforeClass setup -->
  <testcase name="@BeforeMethod beforeMethod" time="0.0" classname="config.DongDongkeyword">
    <skipped/>
  </testcase> <!-- @BeforeMethod beforeMethod -->
  <testcase name="@AfterMethod afterMethod" time="0.0" classname="config.DongDongkeyword">
    <skipped/>
  </testcase> <!-- @AfterMethod afterMethod -->
  <testcase name="@BeforeMethod beforeMethod" time="0.0" classname="config.DongDongkeyword">
    <skipped/>
  </testcase> <!-- @BeforeMethod beforeMethod -->
  <testcase name="@AfterMethod afterMethod" time="0.0" classname="config.DongDongkeyword">
    <skipped/>
  </testcase> <!-- @AfterMethod afterMethod -->
  <testcase name="@BeforeMethod beforeMethod" time="0.0" classname="config.DongDongkeyword">
    <skipped/>
  </testcase> <!-- @BeforeMethod beforeMethod -->
  <testcase name="@AfterMethod afterMethod" time="0.0" classname="config.DongDongkeyword">
    <skipped/>
  </testcase> <!-- @AfterMethod afterMethod -->
  <testcase name="@BeforeMethod beforeMethod" time="0.0" classname="config.DongDongkeyword">
    <skipped/>
  </testcase> <!-- @BeforeMethod beforeMethod -->
  <testcase name="@AfterMethod afterMethod" time="0.0" classname="config.DongDongkeyword">
    <skipped/>
  </testcase> <!-- @AfterMethod afterMethod -->
  <testcase name="@BeforeMethod beforeMethod" time="0.0" classname="config.DongDongkeyword">
    <skipped/>
  </testcase> <!-- @BeforeMethod beforeMethod -->
  <testcase name="@AfterMethod afterMethod" time="0.0" classname="config.DongDongkeyword">
    <skipped/>
  </testcase> <!-- @AfterMethod afterMethod -->
  <testcase name="@BeforeMethod beforeMethod" time="0.0" classname="config.DongDongkeyword">
    <skipped/>
  </testcase> <!-- @BeforeMethod beforeMethod -->
  <testcase name="@AfterMethod afterMethod" time="0.0" classname="config.DongDongkeyword">
    <skipped/>
  </testcase> <!-- @AfterMethod afterMethod -->
  <testcase name="@BeforeMethod beforeMethod" time="0.0" classname="config.DongDongkeyword">
    <skipped/>
  </testcase> <!-- @BeforeMethod beforeMethod -->
  <testcase name="@AfterMethod afterMethod" time="0.0" classname="config.DongDongkeyword">
    <skipped/>
  </testcase> <!-- @AfterMethod afterMethod -->
  <testcase name="@BeforeMethod beforeMethod" time="0.0" classname="config.DongDongkeyword">
    <skipped/>
  </testcase> <!-- @BeforeMethod beforeMethod -->
  <testcase name="@AfterMethod afterMethod" time="0.0" classname="config.DongDongkeyword">
    <skipped/>
  </testcase> <!-- @AfterMethod afterMethod -->
  <testcase name="@BeforeMethod beforeMethod" time="0.0" classname="config.DongDongkeyword">
    <skipped/>
  </testcase> <!-- @BeforeMethod beforeMethod -->
  <testcase name="@AfterMethod afterMethod" time="0.0" classname="config.DongDongkeyword">
    <skipped/>
  </testcase> <!-- @AfterMethod afterMethod -->
  <testcase name="@AfterClass tearDown" time="0.0" classname="config.DongDongkeyword">
    <skipped/>
  </testcase> <!-- @AfterClass tearDown -->
  <testcase name="Dongdongtest" time="0.007" classname="config.DongDongkeyword">
    <skipped/>
  </testcase> <!-- Dongdongtest -->
  <testcase name="Dongdongtest" time="0.005" classname="config.DongDongkeyword">
    <skipped/>
  </testcase> <!-- Dongdongtest -->
  <testcase name="Dongdongtest" time="0.004" classname="config.DongDongkeyword">
    <skipped/>
  </testcase> <!-- Dongdongtest -->
  <testcase name="Dongdongtest" time="0.0" classname="config.DongDongkeyword">
    <skipped/>
  </testcase> <!-- Dongdongtest -->
  <testcase name="Dongdongtest" time="0.002" classname="config.DongDongkeyword">
    <skipped/>
  </testcase> <!-- Dongdongtest -->
  <testcase name="Dongdongtest" time="0.001" classname="config.DongDongkeyword">
    <skipped/>
  </testcase> <!-- Dongdongtest -->
  <testcase name="Dongdongtest" time="0.004" classname="config.DongDongkeyword">
    <skipped/>
  </testcase> <!-- Dongdongtest -->
  <testcase name="Dongdongtest" time="0.002" classname="config.DongDongkeyword">
    <skipped/>
  </testcase> <!-- Dongdongtest -->
  <testcase name="Dongdongtest" time="0.0" classname="config.DongDongkeyword">
    <skipped/>
  </testcase> <!-- Dongdongtest -->
</testsuite> <!-- config.DongDongkeyword -->
