<?xml version="1.0" encoding="UTF-8"?>
<testng-results skipped="0" failed="1" total="2" passed="1">
  <reporter-output>
  </reporter-output>
  <suite name="Default suite" duration-ms="243521" started-at="2017-03-13T08:25:14Z" finished-at="2017-03-13T08:29:17Z">
    <groups>
    </groups>
    <test name="Default test" duration-ms="243521" started-at="2017-03-13T08:25:14Z" finished-at="2017-03-13T08:29:17Z">
      <class name="config.DongDongkeyword">
        <test-method status="PASS" signature="setup()[pri:0, instance:config.DongDongkeyword@6eebc39e]" name="setup" is-config="true" duration-ms="19627" started-at="2017-03-13T16:25:14Z" finished-at="2017-03-13T16:25:34Z">
          <reporter-output>
          </reporter-output>
        </test-method> <!-- setup -->
        <test-method status="PASS" signature="beforeMethod()[pri:0, instance:config.DongDongkeyword@6eebc39e]" name="beforeMethod" is-config="true" duration-ms="1" started-at="2017-03-13T16:25:34Z" finished-at="2017-03-13T16:25:34Z">
          <reporter-output>
          </reporter-output>
        </test-method> <!-- beforeMethod -->
        <test-method status="PASS" signature="Dongdongtest001()[pri:0, instance:config.DongDongkeyword@6eebc39e]" name="Dongdongtest001" duration-ms="10010" started-at="2017-03-13T16:25:34Z" finished-at="2017-03-13T16:25:44Z">
          <reporter-output>
          </reporter-output>
        </test-method> <!-- Dongdongtest001 -->
        <test-method status="PASS" signature="afterMethod()[pri:0, instance:config.DongDongkeyword@6eebc39e]" name="afterMethod" is-config="true" duration-ms="3005" started-at="2017-03-13T16:25:44Z" finished-at="2017-03-13T16:25:47Z">
          <reporter-output>
          </reporter-output>
        </test-method> <!-- afterMethod -->
        <test-method status="FAIL" signature="Dongdongtest002()[pri:0, instance:config.DongDongkeyword@6eebc39e]" name="Dongdongtest002" duration-ms="205461" started-at="2017-03-13T16:25:47Z" finished-at="2017-03-13T16:29:12Z">
          <exception class="org.openqa.selenium.WebDriverException">
            <message>
              <![CDATA[An unknown server-side error occurred while processing the command. Original error: Could not proxy command to remote server. Original error: Error: socket hang up (WARNING: The server did not provide any stacktrace information)
Command duration or timeout: 159 milliseconds
Build info: version: '2.46.0', revision: '87c69e2', time: '2015-06-04 16:17:10'
System info: host: 'zhangzhixiongdeiMac.local', ip: '192.9.98.89', os.name: 'Mac OS X', os.arch: 'x86_64', os.version: '10.11.6', java.version: '1.8.0_91'
Driver info: io.appium.java_client.ios.IOSDriver
Capabilities [{app=/Users/zhangzhixiong/项目/咚咚找房-金服/Build/Products/AppStore-iphoneos/DongDong.app, networkConnectionEnabled=false, bundleId=com.szhome.DongDong, databaseEnabled=false, deviceName=iPhone 5s, platform=MAC, logLevel=DEBUG, platformVersion=10.1, webStorageEnabled=false, locationContextEnabled=false, automationName=XCUITest, browserName=, takesScreenshot=true, javascriptEnabled=true, platformName=iOS, udid=33370874330955d31bfd2fdf3077e51b80d16401, autoAcceptAlerts=false}]
Session ID: 944dc081-29b1-45cc-adff-2a0c27f43a51]]>
            </message>
            <full-stacktrace>
              <![CDATA[org.openqa.selenium.WebDriverException: An unknown server-side error occurred while processing the command. Original error: Could not proxy command to remote server. Original error: Error: socket hang up (WARNING: The server did not provide any stacktrace information)
Command duration or timeout: 159 milliseconds
Build info: version: '2.46.0', revision: '87c69e2', time: '2015-06-04 16:17:10'
System info: host: 'zhangzhixiongdeiMac.local', ip: '192.9.98.89', os.name: 'Mac OS X', os.arch: 'x86_64', os.version: '10.11.6', java.version: '1.8.0_91'
Driver info: io.appium.java_client.ios.IOSDriver
Capabilities [{app=/Users/zhangzhixiong/项目/咚咚找房-金服/Build/Products/AppStore-iphoneos/DongDong.app, networkConnectionEnabled=false, bundleId=com.szhome.DongDong, databaseEnabled=false, deviceName=iPhone 5s, platform=MAC, logLevel=DEBUG, platformVersion=10.1, webStorageEnabled=false, locationContextEnabled=false, automationName=XCUITest, browserName=, takesScreenshot=true, javascriptEnabled=true, platformName=iOS, udid=33370874330955d31bfd2fdf3077e51b80d16401, autoAcceptAlerts=false}]
Session ID: 944dc081-29b1-45cc-adff-2a0c27f43a51
	at sun.reflect.NativeConstructorAccessorImpl.newInstance0(Native Method)
	at sun.reflect.NativeConstructorAccessorImpl.newInstance(NativeConstructorAccessorImpl.java:62)
	at sun.reflect.DelegatingConstructorAccessorImpl.newInstance(DelegatingConstructorAccessorImpl.java:45)
	at java.lang.reflect.Constructor.newInstance(Constructor.java:423)
	at org.openqa.selenium.remote.ErrorHandler.createThrowable(ErrorHandler.java:204)
	at org.openqa.selenium.remote.ErrorHandler.throwIfResponseFailed(ErrorHandler.java:156)
	at org.openqa.selenium.remote.RemoteWebDriver.execute(RemoteWebDriver.java:605)
	at io.appium.java_client.DefaultGenericMobileDriver.execute(DefaultGenericMobileDriver.java:27)
	at io.appium.java_client.AppiumDriver.execute(AppiumDriver.java:272)
	at org.openqa.selenium.remote.RemoteWebDriver.getPageSource(RemoteWebDriver.java:465)
	at config.DongDongkeyword.Dongdongtest002(DongDongkeyword.java:115)
	at traverse.appiumAuto.XCUIElemStaticText(appiumAuto.java:518)
	at traverse.appiumAuto.listNodes(appiumAuto.java:449)
	at traverse.appiumAuto.listNodes(appiumAuto.java:464)
	at traverse.appiumAuto.listNodes(appiumAuto.java:464)
	at traverse.appiumAuto.listNodes(appiumAuto.java:464)
	at traverse.appiumAuto.listNodes(appiumAuto.java:464)
	at traverse.appiumAuto.listNodes(appiumAuto.java:464)
	at traverse.appiumAuto.listNodes(appiumAuto.java:464)
	at traverse.appiumAuto.listNodes(appiumAuto.java:464)
	at traverse.appiumAuto.listNodes(appiumAuto.java:464)
	at traverse.appiumAuto.listNodes(appiumAuto.java:464)
	at traverse.appiumAuto.listNodes(appiumAuto.java:464)
	at traverse.appiumAuto.listNodes(appiumAuto.java:464)
	at traverse.appiumAuto.listNodes(appiumAuto.java:464)
	at config.DongDongkeyword.Dongdongtest002(DongDongkeyword.java:150)
	at traverse.appiumAuto.XCUIElemStaticText(appiumAuto.java:518)
	at traverse.appiumAuto.listNodes(appiumAuto.java:449)
	at traverse.appiumAuto.listNodes(appiumAuto.java:464)
	at traverse.appiumAuto.listNodes(appiumAuto.java:464)
	at traverse.appiumAuto.listNodes(appiumAuto.java:464)
	at traverse.appiumAuto.listNodes(appiumAuto.java:464)
	at traverse.appiumAuto.listNodes(appiumAuto.java:464)
	at traverse.appiumAuto.listNodes(appiumAuto.java:464)
	at traverse.appiumAuto.listNodes(appiumAuto.java:464)
	at traverse.appiumAuto.listNodes(appiumAuto.java:464)
	at traverse.appiumAuto.listNodes(appiumAuto.java:464)
	at traverse.appiumAuto.listNodes(appiumAuto.java:464)
	at traverse.appiumAuto.listNodes(appiumAuto.java:464)
	at traverse.appiumAuto.listNodes(appiumAuto.java:464)
	at config.DongDongkeyword.Dongdongtest002(DongDongkeyword.java:150)
	at traverse.appiumAuto.XCUIElemStaticText(appiumAuto.java:518)
	at traverse.appiumAuto.listNodes(appiumAuto.java:449)
	at traverse.appiumAuto.listNodes(appiumAuto.java:464)
	at traverse.appiumAuto.listNodes(appiumAuto.java:464)
	at traverse.appiumAuto.listNodes(appiumAuto.java:464)
	at traverse.appiumAuto.listNodes(appiumAuto.java:464)
	at traverse.appiumAuto.listNodes(appiumAuto.java:464)
	at traverse.appiumAuto.listNodes(appiumAuto.java:464)
	at traverse.appiumAuto.listNodes(appiumAuto.java:464)
	at traverse.appiumAuto.listNodes(appiumAuto.java:464)
	at traverse.appiumAuto.listNodes(appiumAuto.java:464)
	at traverse.appiumAuto.listNodes(appiumAuto.java:464)
	at traverse.appiumAuto.listNodes(appiumAuto.java:464)
	at traverse.appiumAuto.listNodes(appiumAuto.java:464)
	at config.DongDongkeyword.Dongdongtest002(DongDongkeyword.java:150)
	at traverse.appiumAuto.XCUIElemButton(appiumAuto.java:490)
	at traverse.appiumAuto.listNodes(appiumAuto.java:445)
	at traverse.appiumAuto.listNodes(appiumAuto.java:464)
	at traverse.appiumAuto.listNodes(appiumAuto.java:464)
	at traverse.appiumAuto.listNodes(appiumAuto.java:464)
	at traverse.appiumAuto.listNodes(appiumAuto.java:464)
	at traverse.appiumAuto.listNodes(appiumAuto.java:464)
	at traverse.appiumAuto.listNodes(appiumAuto.java:464)
	at traverse.appiumAuto.listNodes(appiumAuto.java:464)
	at traverse.appiumAuto.listNodes(appiumAuto.java:464)
	at traverse.appiumAuto.listNodes(appiumAuto.java:464)
	at traverse.appiumAuto.listNodes(appiumAuto.java:464)
	at traverse.appiumAuto.listNodes(appiumAuto.java:464)
	at traverse.appiumAuto.listNodes(appiumAuto.java:464)
	at config.DongDongkeyword.Dongdongtest002(DongDongkeyword.java:150)
	at traverse.appiumAuto.XCUIElemButton(appiumAuto.java:490)
	at traverse.appiumAuto.listNodes(appiumAuto.java:445)
	at traverse.appiumAuto.listNodes(appiumAuto.java:464)
	at traverse.appiumAuto.listNodes(appiumAuto.java:464)
	at traverse.appiumAuto.listNodes(appiumAuto.java:464)
	at traverse.appiumAuto.listNodes(appiumAuto.java:464)
	at traverse.appiumAuto.listNodes(appiumAuto.java:464)
	at traverse.appiumAuto.listNodes(appiumAuto.java:464)
	at traverse.appiumAuto.listNodes(appiumAuto.java:464)
	at traverse.appiumAuto.listNodes(appiumAuto.java:464)
	at traverse.appiumAuto.listNodes(appiumAuto.java:464)
	at traverse.appiumAuto.listNodes(appiumAuto.java:464)
	at traverse.appiumAuto.listNodes(appiumAuto.java:464)
	at config.DongDongkeyword.Dongdongtest002(DongDongkeyword.java:150)
	at sun.reflect.NativeMethodAccessorImpl.invoke0(Native Method)
	at sun.reflect.NativeMethodAccessorImpl.invoke(NativeMethodAccessorImpl.java:62)
	at sun.reflect.DelegatingMethodAccessorImpl.invoke(DelegatingMethodAccessorImpl.java:43)
	at java.lang.reflect.Method.invoke(Method.java:498)
	at org.testng.internal.MethodInvocationHelper.invokeMethod(MethodInvocationHelper.java:84)
	at org.testng.internal.Invoker.invokeMethod(Invoker.java:714)
	at org.testng.internal.Invoker.invokeTestMethod(Invoker.java:901)
	at org.testng.internal.Invoker.invokeTestMethods(Invoker.java:1231)
	at org.testng.internal.TestMethodWorker.invokeTestMethods(TestMethodWorker.java:127)
	at org.testng.internal.TestMethodWorker.run(TestMethodWorker.java:111)
	at org.testng.TestRunner.privateRun(TestRunner.java:767)
	at org.testng.TestRunner.run(TestRunner.java:617)
	at org.testng.SuiteRunner.runTest(SuiteRunner.java:334)
	at org.testng.SuiteRunner.runSequentially(SuiteRunner.java:329)
	at org.testng.SuiteRunner.privateRun(SuiteRunner.java:291)
	at org.testng.SuiteRunner.run(SuiteRunner.java:240)
	at org.testng.SuiteRunnerWorker.runSuite(SuiteRunnerWorker.java:52)
	at org.testng.SuiteRunnerWorker.run(SuiteRunnerWorker.java:86)
	at org.testng.TestNG.runSuitesSequentially(TestNG.java:1224)
	at org.testng.TestNG.runSuitesLocally(TestNG.java:1149)
	at org.testng.TestNG.run(TestNG.java:1057)
	at org.testng.remote.AbstractRemoteTestNG.run(AbstractRemoteTestNG.java:132)
	at org.testng.remote.RemoteTestNG.initAndRun(RemoteTestNG.java:236)
	at org.testng.remote.RemoteTestNG.main(RemoteTestNG.java:81)
]]>
            </full-stacktrace>
          </exception> <!-- org.openqa.selenium.WebDriverException -->
          <reporter-output>
          </reporter-output>
        </test-method> <!-- Dongdongtest002 -->
        <test-method status="PASS" signature="beforeMethod()[pri:0, instance:config.DongDongkeyword@6eebc39e]" name="beforeMethod" is-config="true" duration-ms="0" started-at="2017-03-13T16:25:47Z" finished-at="2017-03-13T16:25:47Z">
          <reporter-output>
          </reporter-output>
        </test-method> <!-- beforeMethod -->
        <test-method status="PASS" signature="afterMethod()[pri:0, instance:config.DongDongkeyword@6eebc39e]" name="afterMethod" is-config="true" duration-ms="3005" started-at="2017-03-13T16:29:12Z" finished-at="2017-03-13T16:29:15Z">
          <reporter-output>
          </reporter-output>
        </test-method> <!-- afterMethod -->
        <test-method status="PASS" signature="tearDown()[pri:0, instance:config.DongDongkeyword@6eebc39e]" name="tearDown" is-config="true" duration-ms="2004" started-at="2017-03-13T16:29:15Z" finished-at="2017-03-13T16:29:17Z">
          <reporter-output>
          </reporter-output>
        </test-method> <!-- tearDown -->
      </class> <!-- config.DongDongkeyword -->
    </test> <!-- Default test -->
  </suite> <!-- Default suite -->
</testng-results>
